<?xml version="1.0" encoding="UTF-8"?>
<!-- Generated by org.testng.reporters.JUnitReportReporter -->
<testsuite hostname="DESKTOP-Q9RF7BR" failures="0" tests="6" name="com.example.api.ApiTest" time="4.200" errors="0" timestamp="2025-04-08T18:58:45 EDT" skipped="0">
  <testcase classname="com.example.api.ApiTest" name="testMultiplePosts" time="0.097"/>
  <system-out/>
  <testcase classname="com.example.api.ApiTest" name="testMultiplePosts" time="0.125"/>
  <system-out/>
  <testcase classname="com.example.api.ApiTest" name="testMultiplePosts" time="0.095"/>
  <system-out/>
  <testcase classname="com.example.api.ApiTest" name="testInvalidId" time="0.097"/>
  <system-out/>
  <testcase classname="com.example.api.ApiTest" name="testMultiplePosts" time="0.112"/>
  <system-out/>
  <testcase classname="com.example.api.ApiTest" name="testGetRequest" time="3.674"/>
  <system-out/>
</testsuite> <!-- com.example.api.ApiTest -->
